{"/home/maureen/Documents/Vinci cours/DevOps/devops-prj-02-devops-exoplanet/services/testNameExoplanet.js": {"path":"/home/maureen/Documents/Vinci cours/DevOps/devops-prj-02-devops-exoplanet/services/testNameExoplanet.js","statementMap":{"0":{"start":{"line":3,"column":0},"end":{"line":12,"column":3}},"1":{"start":{"line":4,"column":4},"end":{"line":5,"column":19}},"2":{"start":{"line":5,"column":5},"end":{"line":5,"column":18}},"3":{"start":{"line":8,"column":14},"end":{"line":8,"column":33}},"4":{"start":{"line":9,"column":1},"end":{"line":9,"column":35}},"5":{"start":{"line":9,"column":23},"end":{"line":9,"column":35}},"6":{"start":{"line":11,"column":6},"end":{"line":11,"column":19}}},"fnMap":{"0":{"name":"(anonymous_0)","decl":{"start":{"line":3,"column":17},"end":{"line":3,"column":18}},"loc":{"start":{"line":3,"column":33},"end":{"line":12,"column":1}},"line":3}},"branchMap":{"0":{"loc":{"start":{"line":4,"column":4},"end":{"line":5,"column":19}},"type":"if","locations":[{"start":{"line":4,"column":4},"end":{"line":5,"column":19}},{"start":{},"end":{}}],"line":4},"1":{"loc":{"start":{"line":9,"column":1},"end":{"line":9,"column":35}},"type":"if","locations":[{"start":{"line":9,"column":1},"end":{"line":9,"column":35}},{"start":{},"end":{}}],"line":9}},"s":{"0":1,"1":5,"2":1,"3":4,"4":4,"5":1,"6":3},"f":{"0":5},"b":{"0":[1,4],"1":[1,3]},"_coverageSchema":"1a1c01bbd47fc00a2c39e90264f33305004495a9","hash":"e9703c96ceb1adfc875971613788d054f8dc802f"}
}
